<?xml version="1.0" encoding="UTF-8"?>
<coverage generated="1698563116105" clover="3.2.0">
  <project timestamp="1698563116105" name="All files">
    <metrics statements="61" coveredstatements="57" conditionals="21" coveredconditionals="19" methods="5" coveredmethods="5" elements="87" coveredelements="81" complexity="0" loc="61" ncloc="61" packages="1" files="2" classes="2"/>
    <file name="get_longest_palindrome.ts" path="/Users/xiaowu/code/frontend-algorithm/src/palind_rome/get_longest_palindrome.ts">
      <metrics statements="35" coveredstatements="33" conditionals="12" coveredconditionals="11" methods="3" coveredmethods="3"/>
      <line num="1" count="1" type="cond" truecount="1" falsecount="0"/>
      <line num="2" count="2" type="cond" truecount="0" falsecount="1"/>
      <line num="3" count="0" type="stmt"/>
      <line num="4" count="0" type="stmt"/>
      <line num="5" count="2" type="stmt"/>
      <line num="6" count="2" type="cond" truecount="1" falsecount="0"/>
      <line num="7" count="8" type="stmt"/>
      <line num="8" count="8" type="stmt"/>
      <line num="9" count="8" type="stmt"/>
      <line num="10" count="8" type="stmt"/>
      <line num="11" count="8" type="stmt"/>
      <line num="12" count="2" type="stmt"/>
      <line num="13" count="2" type="stmt"/>
      <line num="14" count="2" type="stmt"/>
      <line num="15" count="1" type="stmt"/>
      <line num="16" count="16" type="cond" truecount="1" falsecount="0"/>
      <line num="17" count="16" type="stmt"/>
      <line num="18" count="16" type="cond" truecount="1" falsecount="0"/>
      <line num="19" count="16" type="cond" truecount="1" falsecount="0"/>
      <line num="20" count="12" type="stmt"/>
      <line num="21" count="16" type="cond" truecount="1" falsecount="0"/>
      <line num="22" count="7" type="stmt"/>
      <line num="23" count="7" type="stmt"/>
      <line num="24" count="7" type="stmt"/>
      <line num="25" count="16" type="stmt"/>
      <line num="26" count="16" type="stmt"/>
      <line num="27" count="16" type="stmt"/>
      <line num="28" count="1" type="stmt"/>
      <line num="29" count="8" type="cond" truecount="1" falsecount="0"/>
      <line num="30" count="8" type="stmt"/>
      <line num="31" count="8" type="cond" truecount="2" falsecount="0"/>
      <line num="32" count="8" type="cond" truecount="2" falsecount="0"/>
      <line num="33" count="8" type="stmt"/>
      <line num="34" count="8" type="stmt"/>
      <line num="35" count="8" type="stmt"/>
    </file>
    <file name="is_palindrome.ts" path="/Users/xiaowu/code/frontend-algorithm/src/palind_rome/is_palindrome.ts">
      <metrics statements="26" coveredstatements="24" conditionals="9" coveredconditionals="8" methods="2" coveredmethods="2"/>
      <line num="1" count="1" type="cond" truecount="1" falsecount="0"/>
      <line num="2" count="2" type="stmt"/>
      <line num="3" count="2" type="stmt"/>
      <line num="4" count="2" type="stmt"/>
      <line num="5" count="2" type="stmt"/>
      <line num="6" count="2" type="stmt"/>
      <line num="7" count="2" type="stmt"/>
      <line num="8" count="2" type="cond" truecount="1" falsecount="0"/>
      <line num="9" count="3" type="cond" truecount="1" falsecount="0"/>
      <line num="10" count="1" type="stmt"/>
      <line num="11" count="1" type="cond" truecount="1" falsecount="0"/>
      <line num="12" count="2" type="stmt"/>
      <line num="13" count="2" type="stmt"/>
      <line num="14" count="2" type="cond" truecount="1" falsecount="0"/>
      <line num="15" count="1" type="stmt"/>
      <line num="16" count="1" type="stmt"/>
      <line num="17" count="1" type="stmt"/>
      <line num="18" count="3" type="cond" truecount="1" falsecount="0"/>
      <line num="19" count="3" type="cond" truecount="0" falsecount="1"/>
      <line num="20" count="0" type="stmt"/>
      <line num="21" count="0" type="stmt"/>
      <line num="22" count="3" type="cond" truecount="1" falsecount="0"/>
      <line num="23" count="1" type="stmt"/>
      <line num="24" count="1" type="cond" truecount="1" falsecount="0"/>
      <line num="25" count="2" type="stmt"/>
      <line num="26" count="2" type="stmt"/>
    </file>
  </project>
</coverage>
