{"/Users/xiaowu/code/frontend-algorithm/src/palind_rome/get_longest_palindrome.ts": {"path":"/Users/xiaowu/code/frontend-algorithm/src/palind_rome/get_longest_palindrome.ts","all":false,"statementMap":{"0":{"start":{"line":1,"column":0},"end":{"line":1,"column":61}},"1":{"start":{"line":2,"column":0},"end":{"line":2,"column":24}},"2":{"start":{"line":3,"column":0},"end":{"line":3,"column":15}},"3":{"start":{"line":4,"column":0},"end":{"line":4,"column":3}},"4":{"start":{"line":5,"column":0},"end":{"line":5,"column":26}},"5":{"start":{"line":6,"column":0},"end":{"line":6,"column":40}},"6":{"start":{"line":7,"column":0},"end":{"line":7,"column":64}},"7":{"start":{"line":8,"column":0},"end":{"line":8,"column":69}},"8":{"start":{"line":9,"column":0},"end":{"line":9,"column":0}},"9":{"start":{"line":10,"column":0},"end":{"line":10,"column":100}},"10":{"start":{"line":11,"column":0},"end":{"line":11,"column":3}},"11":{"start":{"line":12,"column":0},"end":{"line":12,"column":0}},"12":{"start":{"line":13,"column":0},"end":{"line":13,"column":24}},"13":{"start":{"line":14,"column":0},"end":{"line":14,"column":1}},"14":{"start":{"line":15,"column":0},"end":{"line":15,"column":0}},"15":{"start":{"line":16,"column":0},"end":{"line":16,"column":81}},"16":{"start":{"line":17,"column":0},"end":{"line":17,"column":9}},"17":{"start":{"line":18,"column":0},"end":{"line":18,"column":15}},"18":{"start":{"line":19,"column":0},"end":{"line":19,"column":25}},"19":{"start":{"line":20,"column":0},"end":{"line":20,"column":28}},"20":{"start":{"line":21,"column":0},"end":{"line":21,"column":5}},"21":{"start":{"line":22,"column":0},"end":{"line":22,"column":11}},"22":{"start":{"line":23,"column":0},"end":{"line":23,"column":12}},"23":{"start":{"line":24,"column":0},"end":{"line":24,"column":3}},"24":{"start":{"line":25,"column":0},"end":{"line":25,"column":0}},"25":{"start":{"line":26,"column":0},"end":{"line":26,"column":40}},"26":{"start":{"line":27,"column":0},"end":{"line":27,"column":1}},"27":{"start":{"line":28,"column":0},"end":{"line":28,"column":0}},"28":{"start":{"line":29,"column":0},"end":{"line":29,"column":76}},"29":{"start":{"line":30,"column":0},"end":{"line":30,"column":20}},"30":{"start":{"line":31,"column":0},"end":{"line":31,"column":55}},"31":{"start":{"line":32,"column":0},"end":{"line":32,"column":55}},"32":{"start":{"line":33,"column":0},"end":{"line":33,"column":0}},"33":{"start":{"line":34,"column":0},"end":{"line":34,"column":16}},"34":{"start":{"line":35,"column":0},"end":{"line":35,"column":1}}},"s":{"0":1,"1":2,"2":0,"3":0,"4":2,"5":2,"6":8,"7":8,"8":8,"9":8,"10":8,"11":2,"12":2,"13":2,"14":1,"15":16,"16":16,"17":16,"18":16,"19":12,"20":16,"21":7,"22":7,"23":7,"24":16,"25":16,"26":16,"27":1,"28":8,"29":8,"30":8,"31":8,"32":8,"33":8,"34":8},"branchMap":{"0":{"type":"branch","line":1,"loc":{"start":{"line":1,"column":7},"end":{"line":14,"column":1}},"locations":[{"start":{"line":1,"column":7},"end":{"line":14,"column":1}}]},"1":{"type":"branch","line":2,"loc":{"start":{"line":2,"column":23},"end":{"line":4,"column":3}},"locations":[{"start":{"line":2,"column":23},"end":{"line":4,"column":3}}]},"2":{"type":"branch","line":6,"loc":{"start":{"line":6,"column":39},"end":{"line":11,"column":3}},"locations":[{"start":{"line":6,"column":39},"end":{"line":11,"column":3}}]},"3":{"type":"branch","line":16,"loc":{"start":{"line":16,"column":0},"end":{"line":27,"column":1}},"locations":[{"start":{"line":16,"column":0},"end":{"line":27,"column":1}}]},"4":{"type":"branch","line":18,"loc":{"start":{"line":18,"column":12},"end":{"line":19,"column":22}},"locations":[{"start":{"line":18,"column":12},"end":{"line":19,"column":22}}]},"5":{"type":"branch","line":19,"loc":{"start":{"line":19,"column":22},"end":{"line":20,"column":28}},"locations":[{"start":{"line":19,"column":22},"end":{"line":20,"column":28}}]},"6":{"type":"branch","line":21,"loc":{"start":{"line":21,"column":4},"end":{"line":24,"column":3}},"locations":[{"start":{"line":21,"column":4},"end":{"line":24,"column":3}}]},"7":{"type":"branch","line":29,"loc":{"start":{"line":29,"column":0},"end":{"line":35,"column":1}},"locations":[{"start":{"line":29,"column":0},"end":{"line":35,"column":1}}]},"8":{"type":"branch","line":31,"loc":{"start":{"line":31,"column":38},"end":{"line":31,"column":47}},"locations":[{"start":{"line":31,"column":38},"end":{"line":31,"column":47}}]},"9":{"type":"branch","line":31,"loc":{"start":{"line":31,"column":47},"end":{"line":31,"column":54}},"locations":[{"start":{"line":31,"column":47},"end":{"line":31,"column":54}}]},"10":{"type":"branch","line":32,"loc":{"start":{"line":32,"column":38},"end":{"line":32,"column":47}},"locations":[{"start":{"line":32,"column":38},"end":{"line":32,"column":47}}]},"11":{"type":"branch","line":32,"loc":{"start":{"line":32,"column":47},"end":{"line":32,"column":54}},"locations":[{"start":{"line":32,"column":47},"end":{"line":32,"column":54}}]}},"b":{"0":[2],"1":[0],"2":[8],"3":[16],"4":[17],"5":[12],"6":[7],"7":[8],"8":[6],"9":[2],"10":[1],"11":[7]},"fnMap":{"0":{"name":"get_longest_palindrome","decl":{"start":{"line":1,"column":7},"end":{"line":14,"column":1}},"loc":{"start":{"line":1,"column":7},"end":{"line":14,"column":1}},"line":1},"1":{"name":"get_valid_palindrome","decl":{"start":{"line":16,"column":0},"end":{"line":27,"column":1}},"loc":{"start":{"line":16,"column":0},"end":{"line":27,"column":1}},"line":16},"2":{"name":"get_longest_str","decl":{"start":{"line":29,"column":0},"end":{"line":35,"column":1}},"loc":{"start":{"line":29,"column":0},"end":{"line":35,"column":1}},"line":29}},"f":{"0":2,"1":16,"2":8}}
,"/Users/xiaowu/code/frontend-algorithm/src/palind_rome/is_palindrome.ts": {"path":"/Users/xiaowu/code/frontend-algorithm/src/palind_rome/is_palindrome.ts","all":false,"statementMap":{"0":{"start":{"line":1,"column":0},"end":{"line":1,"column":53}},"1":{"start":{"line":2,"column":0},"end":{"line":2,"column":27}},"2":{"start":{"line":3,"column":0},"end":{"line":3,"column":19}},"3":{"start":{"line":4,"column":0},"end":{"line":4,"column":6}},"4":{"start":{"line":5,"column":0},"end":{"line":5,"column":15}},"5":{"start":{"line":6,"column":0},"end":{"line":6,"column":27}},"6":{"start":{"line":7,"column":0},"end":{"line":7,"column":0}},"7":{"start":{"line":8,"column":0},"end":{"line":8,"column":25}},"8":{"start":{"line":9,"column":0},"end":{"line":9,"column":38}},"9":{"start":{"line":10,"column":0},"end":{"line":10,"column":18}},"10":{"start":{"line":11,"column":0},"end":{"line":11,"column":5}},"11":{"start":{"line":12,"column":0},"end":{"line":12,"column":11}},"12":{"start":{"line":13,"column":0},"end":{"line":13,"column":12}},"13":{"start":{"line":14,"column":0},"end":{"line":14,"column":3}},"14":{"start":{"line":15,"column":0},"end":{"line":15,"column":13}},"15":{"start":{"line":16,"column":0},"end":{"line":16,"column":1}},"16":{"start":{"line":17,"column":0},"end":{"line":17,"column":0}},"17":{"start":{"line":18,"column":0},"end":{"line":18,"column":70}},"18":{"start":{"line":19,"column":0},"end":{"line":19,"column":75}},"19":{"start":{"line":20,"column":0},"end":{"line":20,"column":17}},"20":{"start":{"line":21,"column":0},"end":{"line":21,"column":3}},"21":{"start":{"line":22,"column":0},"end":{"line":22,"column":73}},"22":{"start":{"line":23,"column":0},"end":{"line":23,"column":17}},"23":{"start":{"line":24,"column":0},"end":{"line":24,"column":3}},"24":{"start":{"line":25,"column":0},"end":{"line":25,"column":14}},"25":{"start":{"line":26,"column":0},"end":{"line":26,"column":1}}},"s":{"0":1,"1":2,"2":2,"3":2,"4":2,"5":2,"6":2,"7":2,"8":3,"9":1,"10":1,"11":2,"12":2,"13":2,"14":1,"15":1,"16":1,"17":3,"18":3,"19":0,"20":0,"21":3,"22":1,"23":1,"24":2,"25":2},"branchMap":{"0":{"type":"branch","line":1,"loc":{"start":{"line":1,"column":7},"end":{"line":16,"column":1}},"locations":[{"start":{"line":1,"column":7},"end":{"line":16,"column":1}}]},"1":{"type":"branch","line":8,"loc":{"start":{"line":8,"column":24},"end":{"line":14,"column":3}},"locations":[{"start":{"line":8,"column":24},"end":{"line":14,"column":3}}]},"2":{"type":"branch","line":9,"loc":{"start":{"line":9,"column":37},"end":{"line":11,"column":5}},"locations":[{"start":{"line":9,"column":37},"end":{"line":11,"column":5}}]},"3":{"type":"branch","line":11,"loc":{"start":{"line":11,"column":4},"end":{"line":14,"column":3}},"locations":[{"start":{"line":11,"column":4},"end":{"line":14,"column":3}}]},"4":{"type":"branch","line":14,"loc":{"start":{"line":14,"column":2},"end":{"line":16,"column":1}},"locations":[{"start":{"line":14,"column":2},"end":{"line":16,"column":1}}]},"5":{"type":"branch","line":18,"loc":{"start":{"line":18,"column":0},"end":{"line":26,"column":1}},"locations":[{"start":{"line":18,"column":0},"end":{"line":26,"column":1}}]},"6":{"type":"branch","line":19,"loc":{"start":{"line":19,"column":74},"end":{"line":21,"column":3}},"locations":[{"start":{"line":19,"column":74},"end":{"line":21,"column":3}}]},"7":{"type":"branch","line":22,"loc":{"start":{"line":22,"column":72},"end":{"line":24,"column":3}},"locations":[{"start":{"line":22,"column":72},"end":{"line":24,"column":3}}]},"8":{"type":"branch","line":24,"loc":{"start":{"line":24,"column":2},"end":{"line":26,"column":1}},"locations":[{"start":{"line":24,"column":2},"end":{"line":26,"column":1}}]}},"b":{"0":[2],"1":[3],"2":[1],"3":[2],"4":[1],"5":[3],"6":[0],"7":[1],"8":[2]},"fnMap":{"0":{"name":"is_palindrome","decl":{"start":{"line":1,"column":7},"end":{"line":16,"column":1}},"loc":{"start":{"line":1,"column":7},"end":{"line":16,"column":1}},"line":1},"1":{"name":"is_equal","decl":{"start":{"line":18,"column":0},"end":{"line":26,"column":1}},"loc":{"start":{"line":18,"column":0},"end":{"line":26,"column":1}},"line":18}},"f":{"0":2,"1":3}}
}
