TN:
SF:src/palind_rome/get_longest_palindrome.ts
FN:1,get_longest_palindrome
FN:16,get_valid_palindrome
FN:29,get_longest_str
FNF:3
FNH:3
FNDA:2,get_longest_palindrome
FNDA:16,get_valid_palindrome
FNDA:8,get_longest_str
DA:1,1
DA:2,2
DA:3,0
DA:4,0
DA:5,2
DA:6,2
DA:7,8
DA:8,8
DA:9,8
DA:10,8
DA:11,8
DA:12,2
DA:13,2
DA:14,2
DA:15,1
DA:16,16
DA:17,16
DA:18,16
DA:19,16
DA:20,12
DA:21,16
DA:22,7
DA:23,7
DA:24,7
DA:25,16
DA:26,16
DA:27,16
DA:28,1
DA:29,8
DA:30,8
DA:31,8
DA:32,8
DA:33,8
DA:34,8
DA:35,8
LF:35
LH:33
BRDA:1,0,0,2
BRDA:2,1,0,0
BRDA:6,2,0,8
BRDA:16,3,0,16
BRDA:18,4,0,17
BRDA:19,5,0,12
BRDA:21,6,0,7
BRDA:29,7,0,8
BRDA:31,8,0,6
BRDA:31,9,0,2
BRDA:32,10,0,1
BRDA:32,11,0,7
BRF:12
BRH:11
end_of_record
TN:
SF:src/palind_rome/is_palindrome.ts
FN:1,is_palindrome
FN:18,is_equal
FNF:2
FNH:2
FNDA:2,is_palindrome
FNDA:3,is_equal
DA:1,1
DA:2,2
DA:3,2
DA:4,2
DA:5,2
DA:6,2
DA:7,2
DA:8,2
DA:9,3
DA:10,1
DA:11,1
DA:12,2
DA:13,2
DA:14,2
DA:15,1
DA:16,1
DA:17,1
DA:18,3
DA:19,3
DA:20,0
DA:21,0
DA:22,3
DA:23,1
DA:24,1
DA:25,2
DA:26,2
LF:26
LH:24
BRDA:1,0,0,2
BRDA:8,1,0,3
BRDA:9,2,0,1
BRDA:11,3,0,2
BRDA:14,4,0,1
BRDA:18,5,0,3
BRDA:19,6,0,0
BRDA:22,7,0,1
BRDA:24,8,0,2
BRF:9
BRH:8
end_of_record
